0 verbose cli /usr/local/Cellar/node/20.3.1_1/bin/node /usr/local/lib/node_modules/npm/bin/npm-cli.js
1 info using npm@9.8.0
2 info using node@v20.3.1
3 timing npm:load:whichnode Completed in 3ms
4 timing config:load:defaults Completed in 4ms
5 timing config:load:file:/usr/local/lib/node_modules/npm/npmrc Completed in 6ms
6 timing config:load:builtin Completed in 6ms
7 timing config:load:cli Completed in 3ms
8 timing config:load:env Completed in 0ms
9 timing config:load:project Completed in 6ms
10 timing config:load:file:/Users/gamex/src/.npmrc Completed in 0ms
11 timing config:load:user Completed in 0ms
12 timing config:load:file:/usr/local/etc/npmrc Completed in 0ms
13 timing config:load:global Completed in 1ms
14 timing config:load:setEnvs Completed in 1ms
15 timing config:load Completed in 21ms
16 timing npm:load:configload Completed in 21ms
17 timing config:load:flatten Completed in 3ms
18 timing npm:load:mkdirpcache Completed in 0ms
19 timing npm:load:mkdirplogs Completed in 0ms
20 verbose title npm exec digest chromaui/learnstorybook-design-system-template learnstorybook-design-system
21 verbose argv "exec" "--" "digest" "chromaui/learnstorybook-design-system-template" "learnstorybook-design-system"
22 timing npm:load:setTitle Completed in 3ms
23 timing npm:load:display Completed in 1ms
24 verbose logfile logs-max:10 dir:/Users/gamex/src/.npm/_logs/2023-07-19T17_26_25_624Z-
25 verbose logfile /Users/gamex/src/.npm/_logs/2023-07-19T17_26_25_624Z-debug-0.log
26 timing npm:load:logFile Completed in 11ms
27 timing npm:load:timers Completed in 0ms
28 timing npm:load:configScope Completed in 0ms
29 timing npm:load Completed in 65ms
30 timing arborist:ctor Completed in 1ms
31 silly logfile done cleaning log files
32 http fetch GET 200 https://registry.npmjs.org/digest 1393ms (cache miss)
33 timing command:exec Completed in 1486ms
34 verbose stack Error: could not determine executable to run
34 verbose stack     at getBinFromManifest (/usr/local/lib/node_modules/npm/node_modules/libnpmexec/lib/get-bin-from-manifest.js:17:23)
34 verbose stack     at exec (/usr/local/lib/node_modules/npm/node_modules/libnpmexec/lib/index.js:188:15)
34 verbose stack     at async module.exports (/usr/local/lib/node_modules/npm/lib/cli-entry.js:61:5)
35 verbose pkgid digest@0.0.5
36 verbose cwd /Users/gamex/src
37 verbose Darwin 22.3.0
38 verbose node v20.3.1
39 verbose npm  v9.8.0
40 error could not determine executable to run
41 verbose exit 1
42 timing npm Completed in 1860ms
43 verbose code 1
44 error A complete log of this run can be found in: /Users/gamex/src/.npm/_logs/2023-07-19T17_26_25_624Z-debug-0.log
