0 verbose cli /usr/local/Cellar/node/20.3.1_1/bin/node /usr/local/bin/npm
1 info using npm@9.8.1
2 info using node@v20.3.1
3 timing npm:load:whichnode Completed in 1ms
4 timing config:load:defaults Completed in 2ms
5 timing config:load:file:/usr/local/lib/node_modules/npm/npmrc Completed in 3ms
6 timing config:load:builtin Completed in 3ms
7 timing config:load:cli Completed in 3ms
8 timing config:load:env Completed in 0ms
9 timing config:load:project Completed in 1ms
10 timing config:load:file:/Users/gamex/src/javascripts/.npmrc Completed in 0ms
11 timing config:load:user Completed in 0ms
12 timing config:load:file:/usr/local/etc/npmrc Completed in 0ms
13 timing config:load:global Completed in 1ms
14 timing config:load:setEnvs Completed in 0ms
15 timing config:load Completed in 10ms
16 timing npm:load:configload Completed in 10ms
17 timing config:load:flatten Completed in 3ms
18 timing npm:load:mkdirpcache Completed in 2ms
19 timing npm:load:mkdirplogs Completed in 0ms
20 verbose title npm install npx
21 verbose argv "install" "--global" "npx"
22 timing npm:load:setTitle Completed in 3ms
23 timing npm:load:display Completed in 0ms
24 verbose logfile logs-max:10 dir:/Users/gamex/src/javascripts/.npm/_logs/2023-07-19T17_38_48_212Z-
25 verbose logfile /Users/gamex/src/javascripts/.npm/_logs/2023-07-19T17_38_48_212Z-debug-0.log
26 timing npm:load:logFile Completed in 9ms
27 timing npm:load:timers Completed in 0ms
28 timing npm:load:configScope Completed in 0ms
29 timing npm:load Completed in 45ms
30 timing config:load:flatten Completed in 1ms
31 timing arborist:ctor Completed in 1ms
32 timing idealTree:init Completed in 7ms
33 timing idealTree:userRequests Completed in 4ms
34 silly idealTree buildDeps
35 silly fetch manifest npx@*
36 silly logfile start cleaning logs, removing 1 files
37 silly logfile done cleaning log files
38 http fetch GET 200 https://registry.npmjs.org/npx 1482ms (cache miss)
39 silly placeDep ROOT npx@10.2.2 OK for:  want: *
40 timing idealTree:#root Completed in 1491ms
41 timing idealTree:node_modules/npx Completed in 1ms
42 timing idealTree:buildDeps Completed in 1493ms
43 timing idealTree:fixDepFlags Completed in 0ms
44 timing idealTree Completed in 1504ms
45 timing reify:loadTrees Completed in 1676ms
46 timing reify:diffTrees Completed in 7ms
47 silly reify mark retired [ '/usr/local/lib/node_modules/npx', '/usr/local/bin/npx' ]
48 silly reify moves {
48 silly reify   '/usr/local/lib/node_modules/npx': '/usr/local/lib/node_modules/.npx-lsbA3wRp',
48 silly reify   '/usr/local/bin/npx': '/usr/local/bin/.npx-xXo12k2C'
48 silly reify }
49 timing reify:retireShallow Completed in 4ms
50 timing reify:createSparse Completed in 0ms
51 silly tarball no local data for npx@https://registry.npmjs.org/npx/-/npx-10.2.2.tgz. Extracting by manifest.
52 http fetch GET 200 https://registry.npmjs.org/npx/-/npx-10.2.2.tgz 3930ms (cache miss)
53 timing reifyNode:node_modules/npx Completed in 3937ms
54 timing arborist:ctor Completed in 0ms
55 timing reify:diffTrees Completed in 13ms
56 timing reify:loadBundles Completed in 4212ms
57 timing reify:unpack Completed in 0ms
58 timing reify:unretire Completed in 1ms
59 timing build:queue Completed in 22ms
60 timing build:link:node_modules/npx/node_modules/is-ci Completed in 10ms
61 timing build:link:node_modules/npx/node_modules/npm/node_modules/JSONStream Completed in 10ms
62 timing build:link:node_modules/npx/node_modules/npm/node_modules/worker-farm/node_modules/errno Completed in 10ms
63 timing build:link:node_modules/npx/node_modules/npm/node_modules/node-gyp/node_modules/nopt Completed in 10ms
64 timing build:link:node_modules/npx Completed in 11ms
65 timing build:link:node_modules/npx/node_modules/semver Completed in 10ms
66 timing build:link:node_modules/npx/node_modules/rc Completed in 10ms
67 timing build:link:node_modules/npx/node_modules/which Completed in 10ms
68 timing build:link:node_modules/npx/node_modules/rimraf Completed in 10ms
69 timing build:link:node_modules/npx/node_modules/npm Completed in 10ms
70 timing build:link:node_modules/npx/node_modules/npm/node_modules/update-notifier/node_modules/latest-version/node_modules/package-json/node_modules/registry-auth-token/node_modules/rc Completed in 10ms
71 timing build:link:node_modules/npx/node_modules/npm/node_modules/update-notifier/node_modules/latest-version/node_modules/package-json/node_modules/registry-url/node_modules/rc Completed in 10ms
72 timing build:link:node_modules/npx/node_modules/npm/node_modules/node-gyp Completed in 11ms
73 timing build:link:node_modules/npx/node_modules/npm/node_modules/mkdirp Completed in 11ms
74 timing build:link:node_modules/npx/node_modules/npm/node_modules/nopt Completed in 11ms
75 timing build:link:node_modules/npx/node_modules/npm/node_modules/opener Completed in 11ms
76 timing build:link:node_modules/npx/node_modules/npm/node_modules/rimraf Completed in 11ms
77 timing build:link:node_modules/npx/node_modules/npm/node_modules/semver Completed in 11ms
78 timing build:link:node_modules/npx/node_modules/npm/node_modules/uuid Completed in 11ms
79 timing build:link:node_modules/npx/node_modules/npm/node_modules/which Completed in 11ms
80 timing build:link:node_modules/npx/node_modules/npm/node_modules/request/node_modules/http-signature/node_modules/sshpk Completed in 11ms
81 timing build:link Completed in 13ms
82 timing build:deps Completed in 35ms
83 timing build Completed in 35ms
84 timing reify:build Completed in 35ms
85 timing reify:trash Completed in 814ms
86 timing reify Completed in 6758ms
87 silly CHANGE node_modules/npx
88 silly CHANGE node_modules/npx/node_modules/which
89 silly CHANGE node_modules/npx/node_modules/semver
90 silly CHANGE node_modules/npx/node_modules/rimraf
91 silly CHANGE node_modules/npx/node_modules/rc
92 silly CHANGE node_modules/npx/node_modules/npm
93 silly CHANGE node_modules/npx/node_modules/npm/node_modules/uuid
94 silly CHANGE node_modules/npx/node_modules/npm/node_modules/worker-farm/node_modules/errno
95 silly CHANGE node_modules/npx/node_modules/npm/node_modules/which
96 silly CHANGE node_modules/npx/node_modules/npm/node_modules/update-notifier/node_modules/latest-version/node_modules/package-json/node_modules/registry-auth-token/node_modules/rc
97 silly CHANGE node_modules/npx/node_modules/npm/node_modules/update-notifier/node_modules/latest-version/node_modules/package-json/node_modules/registry-url/node_modules/rc
98 silly CHANGE node_modules/npx/node_modules/npm/node_modules/semver
99 silly CHANGE node_modules/npx/node_modules/npm/node_modules/rimraf
100 silly CHANGE node_modules/npx/node_modules/npm/node_modules/request/node_modules/http-signature/node_modules/sshpk
101 silly CHANGE node_modules/npx/node_modules/npm/node_modules/opener
102 silly CHANGE node_modules/npx/node_modules/npm/node_modules/nopt
103 silly CHANGE node_modules/npx/node_modules/npm/node_modules/node-gyp
104 silly CHANGE node_modules/npx/node_modules/npm/node_modules/node-gyp/node_modules/nopt
105 silly CHANGE node_modules/npx/node_modules/npm/node_modules/mkdirp
106 silly CHANGE node_modules/npx/node_modules/npm/node_modules/JSONStream
107 silly CHANGE node_modules/npx/node_modules/is-ci
108 timing command:install Completed in 6767ms
109 verbose exit 0
110 timing npm Completed in 7176ms
111 info ok
