0 verbose cli /usr/local/Cellar/node/20.3.1_1/bin/node /usr/local/bin/npm
1 info using npm@9.8.1
2 info using node@v20.3.1
3 timing npm:load:whichnode Completed in 1ms
4 timing config:load:defaults Completed in 2ms
5 timing config:load:file:/usr/local/lib/node_modules/npm/npmrc Completed in 2ms
6 timing config:load:builtin Completed in 2ms
7 timing config:load:cli Completed in 1ms
8 timing config:load:env Completed in 0ms
9 timing config:load:project Completed in 0ms
10 timing config:load:file:/Users/gamex/src/javascripts/.npmrc Completed in 0ms
11 timing config:load:user Completed in 0ms
12 timing config:load:file:/usr/local/etc/npmrc Completed in 0ms
13 timing config:load:global Completed in 0ms
14 timing config:load:setEnvs Completed in 1ms
15 timing config:load Completed in 8ms
16 timing npm:load:configload Completed in 8ms
17 timing config:load:flatten Completed in 2ms
18 timing npm:load:mkdirpcache Completed in 1ms
19 timing npm:load:mkdirplogs Completed in 1ms
20 verbose title npm install npm
21 verbose argv "install" "npm"
22 timing npm:load:setTitle Completed in 4ms
23 timing npm:load:display Completed in 0ms
24 verbose logfile logs-max:10 dir:/Users/gamex/src/javascripts/.npm/_logs/2023-07-19T17_28_54_043Z-
25 verbose logfile /Users/gamex/src/javascripts/.npm/_logs/2023-07-19T17_28_54_043Z-debug-0.log
26 timing npm:load:logFile Completed in 11ms
27 timing npm:load:timers Completed in 0ms
28 timing npm:load:configScope Completed in 0ms
29 timing npm:load Completed in 43ms
30 timing arborist:ctor Completed in 1ms
31 timing arborist:ctor Completed in 0ms
32 silly logfile done cleaning log files
33 timing idealTree:init Completed in 13ms
34 timing idealTree:userRequests Completed in 4ms
35 silly idealTree buildDeps
36 silly fetch manifest npm@*
37 http fetch GET 200 https://registry.npmjs.org/npm 20ms (cache hit)
38 silly placeDep ROOT npm@9.8.1 OK for: gamexdapp@1.0.0 want: *
39 timing idealTree:#root Completed in 55ms
40 timing idealTree:node_modules/npm Completed in 0ms
41 timing idealTree:buildDeps Completed in 55ms
42 timing idealTree:fixDepFlags Completed in 1ms
43 timing idealTree Completed in 73ms
44 timing reify:loadTrees Completed in 75ms
45 timing reify:diffTrees Completed in 0ms
46 silly reify moves {}
47 timing reify:retireShallow Completed in 1ms
48 timing reify:createSparse Completed in 6ms
49 timing reifyNode:node_modules/npm Completed in 1237ms
50 timing arborist:ctor Completed in 0ms
51 timing reify:diffTrees Completed in 3ms
52 timing reify:loadBundles Completed in 1436ms
53 silly audit bulk request {
53 silly audit   npm: [ '9.8.1' ],
53 silly audit   abbrev: [ '2.0.0', '1.1.1' ],
53 silly audit   'abort-controller': [ '3.0.0' ],
53 silly audit   'agent-base': [ '6.0.2' ],
53 silly audit   'aggregate-error': [ '3.1.0' ],
53 silly audit   'ansi-regex': [ '5.0.1', '6.0.1' ],
53 silly audit   agentkeepalive: [ '4.3.0' ],
53 silly audit   'ansi-styles': [ '4.3.0', '6.2.1' ],
53 silly audit   aproba: [ '2.0.0' ],
53 silly audit   archy: [ '1.0.0' ],
53 silly audit   'are-we-there-yet': [ '4.0.0', '3.0.1' ],
53 silly audit   'binary-extensions': [ '2.2.0' ],
53 silly audit   'balanced-match': [ '1.0.2' ],
53 silly audit   'brace-expansion': [ '2.0.1', '1.1.11' ],
53 silly audit   'base64-js': [ '1.5.1' ],
53 silly audit   'bin-links': [ '4.0.2' ],
53 silly audit   builtins: [ '5.0.1' ],
53 silly audit   cacache: [ '17.1.3' ],
53 silly audit   buffer: [ '6.0.3' ],
53 silly audit   chalk: [ '5.3.0' ],
53 silly audit   chownr: [ '2.0.0' ],
53 silly audit   'ci-info': [ '3.8.0' ],
53 silly audit   'clean-stack': [ '2.2.0' ],
53 silly audit   'cidr-regex': [ '3.1.1' ],
53 silly audit   'cli-columns': [ '4.0.0' ],
53 silly audit   'cli-table3': [ '0.6.3' ],
53 silly audit   clone: [ '1.0.4' ],
53 silly audit   'cmd-shim': [ '6.0.1' ],
53 silly audit   'color-convert': [ '2.0.1' ],
53 silly audit   'color-name': [ '1.1.4' ],
53 silly audit   columnify: [ '1.6.0' ],
53 silly audit   'concat-map': [ '0.0.1' ],
53 silly audit   'color-support': [ '1.1.3' ],
53 silly audit   'common-ancestor-path': [ '1.0.1' ],
53 silly audit   'cross-spawn': [ '7.0.3' ],
53 silly audit   which: [ '2.0.2', '3.0.1' ],
53 silly audit   'console-control-strings': [ '1.1.0' ],
53 silly audit   debug: [ '4.3.4' ],
53 silly audit   ms: [ '2.1.2', '2.1.3' ],
53 silly audit   cssesc: [ '3.0.0' ],
53 silly audit   delegates: [ '1.0.0' ],
53 silly audit   defaults: [ '1.0.4' ],
53 silly audit   depd: [ '2.0.0' ],
53 silly audit   diff: [ '5.1.0' ],
53 silly audit   eastasianwidth: [ '0.2.0' ],
53 silly audit   'emoji-regex': [ '8.0.0', '9.2.2' ],
53 silly audit   'env-paths': [ '2.2.1' ],
53 silly audit   encoding: [ '0.1.13' ],
53 silly audit   'err-code': [ '2.0.3' ],
53 silly audit   'event-target-shim': [ '5.0.1' ],
53 silly audit   events: [ '3.3.0' ],
53 silly audit   'fastest-levenshtein': [ '1.0.16' ],
53 silly audit   'exponential-backoff': [ '3.1.1' ],
53 silly audit   'foreground-child': [ '3.1.1' ],
53 silly audit   'fs-minipass': [ '3.0.2', '2.1.0' ],
53 silly audit   'fs.realpath': [ '1.0.0' ],
53 silly audit   gauge: [ '5.0.1', '4.0.4' ],
53 silly audit   'function-bind': [ '1.1.1' ],
53 silly audit   glob: [ '10.2.7', '7.2.3' ],
53 silly audit   'graceful-fs': [ '4.2.11' ],
53 silly audit   has: [ '1.0.3' ],
53 silly audit   'has-unicode': [ '2.0.1' ],
53 silly audit   'hosted-git-info': [ '6.1.1' ],
53 silly audit   'http-cache-semantics': [ '4.1.1' ],
53 silly audit   'https-proxy-agent': [ '5.0.1' ],
53 silly audit   'humanize-ms': [ '1.2.1' ],
53 silly audit   'iconv-lite': [ '0.6.3' ],
53 silly audit   'http-proxy-agent': [ '5.0.0' ],
53 silly audit   ieee754: [ '1.2.1' ],
53 silly audit   imurmurhash: [ '0.1.4' ],
53 silly audit   'ignore-walk': [ '6.0.3' ],
53 silly audit   'indent-string': [ '4.0.0' ],
53 silly audit   inflight: [ '1.0.6' ],
53 silly audit   ini: [ '4.1.1' ],
53 silly audit   inherits: [ '2.0.4' ],
53 silly audit   'init-package-json': [ '5.0.0' ],
53 silly audit   ip: [ '2.0.0' ],
53 silly audit   'ip-regex': [ '4.3.0' ],
53 silly audit   'is-cidr': [ '4.0.2' ],
53 silly audit   'is-core-module': [ '2.12.1' ],
53 silly audit   'is-fullwidth-code-point': [ '3.0.0' ],
53 silly audit   'is-lambda': [ '1.0.1' ],
53 silly audit   isexe: [ '2.0.0' ],
53 silly audit   'json-parse-even-better-errors': [ '3.0.0' ],
53 silly audit   'json-stringify-nice': [ '1.1.4' ],
53 silly audit   jackspeak: [ '2.2.1' ],
53 silly audit   jsonparse: [ '1.3.1' ],
53 silly audit   'just-diff': [ '6.0.2' ],
53 silly audit   'just-diff-apply': [ '5.5.0' ],
53 silly audit   libnpmaccess: [ '7.0.2' ],
53 silly audit   libnpmfund: [ '4.0.19' ],
53 silly audit   libnpmdiff: [ '5.0.19' ],
53 silly audit   libnpmhook: [ '9.0.3' ],
53 silly audit   libnpmorg: [ '5.0.4' ],
53 silly audit   libnpmpack: [ '5.0.19' ],
53 silly audit   libnpmsearch: [ '6.0.2' ],
53 silly audit   libnpmpublish: [ '7.5.0' ],
53 silly audit   libnpmteam: [ '5.0.3' ],
53 silly audit   libnpmversion: [ '4.0.2' ],
53 silly audit   minimatch: [ '9.0.3', '3.1.2' ],
53 silly audit   'lru-cache': [ '7.18.3', '9.1.1', '6.0.0' ],
53 silly audit   'make-fetch-happen': [ '11.1.1' ],
53 silly audit   'minipass-collect': [ '1.0.2' ],
53 silly audit   minipass: [ '3.3.6', '5.0.0' ],
53 silly audit   'minipass-fetch': [ '3.0.3' ],
53 silly audit   'minipass-flush': [ '1.0.5' ],
53 silly audit   'minipass-json-stream': [ '1.0.1' ],
53 silly audit   'minipass-pipeline': [ '1.2.4' ],
53 silly audit   'minipass-sized': [ '1.0.3' ],
53 silly audit   minizlib: [ '2.1.2' ],
53 silly audit   mkdirp: [ '1.0.4' ],
53 silly audit   'mute-stream': [ '1.0.0' ],
53 silly audit   negotiator: [ '0.6.3' ],
53 silly audit   'node-gyp': [ '9.4.0' ],
53 silly audit   nopt: [ '6.0.0', '7.2.0' ],
53 silly audit   npmlog: [ '6.0.2', '7.0.1' ],
53 silly audit   'readable-stream': [ '3.6.2', '4.4.0' ],
53 silly audit   'signal-exit': [ '3.0.7', '4.0.2' ],
53 silly audit   libnpmexec: [ '6.0.3' ],
53 silly audit   'normalize-package-data': [ '5.0.0' ],
53 silly audit   'npm-bundled': [ '3.0.0' ],
53 silly audit   'npm-audit-report': [ '5.0.0' ],
53 silly audit   'npm-install-checks': [ '6.1.1' ],
53 silly audit   'npm-package-arg': [ '10.1.0' ],
53 silly audit   'npm-pick-manifest': [ '8.0.1' ],
53 silly audit   'npm-profile': [ '7.0.1' ],
53 silly audit   'npm-registry-fetch': [ '14.0.5' ],
53 silly audit   'npm-packlist': [ '7.0.4' ],
53 silly audit   once: [ '1.4.0' ],
53 silly audit   'p-map': [ '4.0.0' ],
53 silly audit   pacote: [ '15.2.0' ],
53 silly audit   'parse-conflict-json': [ '3.0.1' ],
53 silly audit   'npm-user-validate': [ '2.0.0' ],
53 silly audit   'path-is-absolute': [ '1.0.1' ],
53 silly audit   'path-key': [ '3.1.1' ],
53 silly audit   'path-scurry': [ '1.9.2' ],
53 silly audit   'postcss-selector-parser': [ '6.0.13' ],
53 silly audit   'proc-log': [ '3.0.0' ],
53 silly audit   process: [ '0.11.10' ],
53 silly audit   'promise-all-reject-late': [ '1.0.1' ],
53 silly audit   'promise-inflight': [ '1.0.1' ],
53 silly audit   'promise-call-limit': [ '1.0.2' ],
53 silly audit   'promise-retry': [ '2.0.1' ],
53 silly audit   'qrcode-terminal': [ '0.12.0' ],
53 silly audit   promzard: [ '1.0.0' ],
53 silly audit   read: [ '2.1.0' ],
53 silly audit   'read-cmd-shim': [ '4.0.0' ],
53 silly audit   'read-package-json': [ '6.0.4' ],
53 silly audit   'read-package-json-fast': [ '3.0.2' ],
53 silly audit   retry: [ '0.12.0' ],
53 silly audit   'npm-normalize-package-bin': [ '3.0.1' ],
53 silly audit   rimraf: [ '3.0.2' ],
53 silly audit   'safer-buffer': [ '2.1.2' ],
53 silly audit   'safe-buffer': [ '5.2.1' ],
53 silly audit   'set-blocking': [ '2.0.0' ],
53 silly audit   semver: [ '7.5.4' ],
53 silly audit   'shebang-command': [ '2.0.0' ],
53 silly audit   'shebang-regex': [ '3.0.0' ],
53 silly audit   sigstore: [ '1.7.0' ],
53 silly audit   'smart-buffer': [ '4.2.0' ],
53 silly audit   socks: [ '2.7.1' ],
53 silly audit   'spdx-correct': [ '3.2.0' ],
53 silly audit   'spdx-exceptions': [ '2.3.0' ],
53 silly audit   'socks-proxy-agent': [ '7.0.0' ],
53 silly audit   'spdx-expression-parse': [ '3.0.1' ],
53 silly audit   ssri: [ '10.0.4' ],
53 silly audit   'spdx-license-ids': [ '3.0.13' ],
53 silly audit   'string-width': [ '4.2.3', '5.1.2' ],
53 silly audit   'strip-ansi': [ '6.0.1', '7.1.0' ],
53 silly audit   tar: [ '6.1.15' ],
53 silly audit   string_decoder: [ '1.3.0' ],
53 silly audit   'text-table': [ '0.2.0' ],
53 silly audit   'supports-color': [ '9.4.0' ],
53 silly audit   treeverse: [ '3.0.0' ],
53 silly audit   'tiny-relative-date': [ '1.3.0' ],
53 silly audit   'unique-filename': [ '3.0.0' ],
53 silly audit   'unique-slug': [ '4.0.0' ],
53 silly audit   'util-deprecate': [ '1.0.2' ],
53 silly audit   'validate-npm-package-license': [ '3.0.4' ],
53 silly audit   'walk-up-path': [ '3.0.1' ],
53 silly audit   wcwidth: [ '1.0.1' ],
53 silly audit   'wrap-ansi': [ '8.1.0', '7.0.0' ],
53 silly audit   'write-file-atomic': [ '5.0.1' ],
53 silly audit   wrappy: [ '1.0.2' ],
53 silly audit   yallist: [ '4.0.0' ],
53 silly audit   'wide-align': [ '1.1.5' ],
53 silly audit   '@colors/colors': [ '1.5.0' ],
53 silly audit   '@isaacs/cliui': [ '8.0.2' ],
53 silly audit   '@isaacs/string-locale-compare': [ '1.1.0' ],
53 silly audit   '@npmcli/arborist': [ '6.3.0' ],
53 silly audit   '@npmcli/config': [ '6.2.1' ],
53 silly audit   'tuf-js': [ '1.1.7' ],
53 silly audit   '@npmcli/disparity-colors': [ '3.0.0' ],
53 silly audit   '@npmcli/fs': [ '3.1.0' ],
53 silly audit   '@npmcli/git': [ '4.1.0' ],
53 silly audit   '@npmcli/installed-package-contents': [ '2.0.2' ],
53 silly audit   '@npmcli/map-workspaces': [ '3.0.4' ],
53 silly audit   '@npmcli/metavuln-calculator': [ '5.0.1' ],
53 silly audit   '@npmcli/name-from-folder': [ '2.0.0' ],
53 silly audit   '@npmcli/package-json': [ '4.0.1' ],
53 silly audit   '@npmcli/node-gyp': [ '3.0.0' ],
53 silly audit   '@npmcli/promise-spawn': [ '6.0.2' ],
53 silly audit   '@npmcli/query': [ '3.0.0' ],
53 silly audit   '@npmcli/run-script': [ '6.0.2' ],
53 silly audit   '@pkgjs/parseargs': [ '0.11.0' ],
53 silly audit   '@sigstore/tuf': [ '1.0.2' ],
53 silly audit   '@sigstore/protobuf-specs': [ '0.1.0' ],
53 silly audit   '@tootallnate/once': [ '2.0.0' ],
53 silly audit   'validate-npm-package-name': [ '5.0.0' ],
53 silly audit   '@tufjs/models': [ '1.0.4' ],
53 silly audit   '@tufjs/canonical-json': [ '1.0.0' ]
53 silly audit }
54 timing reify:unpack Completed in 1ms
55 timing reify:unretire Completed in 0ms
56 timing build:queue Completed in 10ms
57 timing build:link:node_modules/npm/node_modules/@npmcli/arborist Completed in 4ms
58 timing build:link:node_modules/npm Completed in 5ms
59 timing build:link:node_modules/npm/node_modules/cross-spawn/node_modules/which Completed in 3ms
60 timing build:link:node_modules/npm/node_modules/glob Completed in 4ms
61 timing build:link:node_modules/npm/node_modules/@npmcli/installed-package-contents Completed in 4ms
62 timing build:link:node_modules/npm/node_modules/cssesc Completed in 4ms
63 timing build:link:node_modules/npm/node_modules/color-support Completed in 4ms
64 timing build:link:node_modules/npm/node_modules/mkdirp Completed in 5ms
65 timing build:link:node_modules/npm/node_modules/nopt Completed in 5ms
66 timing build:link:node_modules/npm/node_modules/node-gyp Completed in 5ms
67 timing build:link:node_modules/npm/node_modules/pacote Completed in 5ms
68 timing build:link:node_modules/npm/node_modules/node-gyp/node_modules/nopt Completed in 4ms
69 timing build:link:node_modules/npm/node_modules/qrcode-terminal Completed in 5ms
70 timing build:link:node_modules/npm/node_modules/rimraf Completed in 5ms
71 timing build:link:node_modules/npm/node_modules/semver Completed in 5ms
72 timing build:link:node_modules/npm/node_modules/sigstore Completed in 5ms
73 timing build:link:node_modules/npm/node_modules/which Completed in 4ms
74 timing build:link:node_modules/npm/node_modules/node-gyp/node_modules/which Completed in 4ms
75 timing build:link Completed in 6ms
76 timing build:deps Completed in 16ms
77 timing build Completed in 16ms
78 timing reify:build Completed in 16ms
79 timing reify:trash Completed in 0ms
80 timing reify:save Completed in 70ms
81 http fetch POST 200 https://registry.npmjs.org/-/npm/v1/security/advisories/bulk 11060ms
82 timing auditReport:getReport Completed in 11065ms
83 silly audit report {}
84 timing auditReport:init Completed in 0ms
85 timing reify:audit Completed in 11065ms
86 timing reify Completed in 12589ms
87 silly ADD node_modules/npm
88 timing command:install Completed in 12601ms
89 verbose exit 0
90 timing npm Completed in 12924ms
91 info ok
