0 verbose cli /usr/local/Cellar/node/20.3.1_1/bin/node /usr/local/bin/npm
1 info using npm@9.8.0
2 info using node@v20.3.1
3 timing npm:load:whichnode Completed in 1ms
4 timing config:load:defaults Completed in 2ms
5 timing config:load:file:/usr/local/lib/node_modules/npm/npmrc Completed in 2ms
6 timing config:load:builtin Completed in 2ms
7 timing config:load:cli Completed in 3ms
8 timing config:load:env Completed in 0ms
9 timing config:load:project Completed in 1ms
10 timing config:load:file:/Users/gamex/src/javascripts/.npmrc Completed in 0ms
11 timing config:load:user Completed in 0ms
12 timing config:load:file:/usr/local/etc/npmrc Completed in 1ms
13 timing config:load:global Completed in 1ms
14 timing config:load:setEnvs Completed in 1ms
15 timing config:load Completed in 10ms
16 timing npm:load:configload Completed in 10ms
17 timing config:load:flatten Completed in 2ms
18 timing npm:load:mkdirpcache Completed in 2ms
19 timing npm:load:mkdirplogs Completed in 0ms
20 verbose title npm install npm@9.8.1
21 verbose argv "install" "--global" "npm@9.8.1"
22 timing npm:load:setTitle Completed in 3ms
23 timing npm:load:display Completed in 1ms
24 verbose logfile logs-max:10 dir:/Users/gamex/src/javascripts/.npm/_logs/2023-07-19T17_25_10_626Z-
25 verbose logfile /Users/gamex/src/javascripts/.npm/_logs/2023-07-19T17_25_10_626Z-debug-0.log
26 timing npm:load:logFile Completed in 9ms
27 timing npm:load:timers Completed in 0ms
28 timing npm:load:configScope Completed in 0ms
29 timing npm:load Completed in 45ms
30 timing config:load:flatten Completed in 1ms
31 silly logfile done cleaning log files
32 http fetch GET 200 https://registry.npmjs.org/npm 27ms (cache hit)
33 timing arborist:ctor Completed in 0ms
34 timing idealTree:init Completed in 3ms
35 timing idealTree:userRequests Completed in 1ms
36 silly idealTree buildDeps
37 silly fetch manifest npm@9.8.1
38 http fetch GET 200 https://registry.npmjs.org/npm 6ms (cache hit)
39 silly placeDep ROOT npm@9.8.1 OK for:  want: 9.8.1
40 timing idealTree:#root Completed in 27ms
41 timing idealTree:node_modules/npm Completed in 0ms
42 timing idealTree:buildDeps Completed in 29ms
43 timing idealTree:fixDepFlags Completed in 0ms
44 timing idealTree Completed in 35ms
45 timing reify:loadTrees Completed in 119ms
46 timing reify:diffTrees Completed in 5ms
47 silly reify mark retired [
47 silly reify   '/usr/local/lib/node_modules/npm',
47 silly reify   '/usr/local/bin/npm',
47 silly reify   '/usr/local/bin/npx'
47 silly reify ]
48 silly reify moves {
48 silly reify   '/usr/local/lib/node_modules/npm': '/usr/local/lib/node_modules/.npm-i9nnxROI',
48 silly reify   '/usr/local/bin/npm': '/usr/local/bin/.npm-uJtxIR1m',
48 silly reify   '/usr/local/bin/npx': '/usr/local/bin/.npx-xXo12k2C'
48 silly reify }
49 timing reify:rollback:retireShallow Completed in 1ms
50 timing command:install Completed in 195ms
51 verbose stack Error: EACCES: permission denied, rename '/usr/local/lib/node_modules/npm' -> '/usr/local/lib/node_modules/.npm-i9nnxROI'
52 verbose cwd /Users/gamex/src/javascripts
53 verbose Darwin 22.3.0
54 verbose node v20.3.1
55 verbose npm  v9.8.0
56 error code EACCES
57 error syscall rename
58 error path /usr/local/lib/node_modules/npm
59 error dest /usr/local/lib/node_modules/.npm-i9nnxROI
60 error errno -13
61 error [Error: EACCES: permission denied, rename '/usr/local/lib/node_modules/npm' -> '/usr/local/lib/node_modules/.npm-i9nnxROI'] {
61 error   errno: -13,
61 error   code: 'EACCES',
61 error   syscall: 'rename',
61 error   path: '/usr/local/lib/node_modules/npm',
61 error   dest: '/usr/local/lib/node_modules/.npm-i9nnxROI'
61 error }
62 error
62 error The operation was rejected by your operating system.
62 error It is likely you do not have the permissions to access this file as the current user
62 error
62 error If you believe this might be a permissions issue, please double-check the
62 error permissions of the file and its containing directories, or try running
62 error the command again as root/Administrator.
63 verbose exit -13
64 timing npm Completed in 558ms
65 verbose unfinished npm timer reify 1689787511049
66 verbose unfinished npm timer reify:retireShallow 1689787511175
67 verbose code -13
68 error A complete log of this run can be found in: /Users/gamex/src/javascripts/.npm/_logs/2023-07-19T17_25_10_626Z-debug-0.log
