0 verbose cli /usr/local/Cellar/node/20.3.1_1/bin/node /usr/local/lib/node_modules/npm/bin/npm-cli.js
1 info using npm@9.8.1
2 info using node@v20.3.1
3 timing npm:load:whichnode Completed in 1ms
4 timing config:load:defaults Completed in 1ms
5 timing config:load:file:/usr/local/lib/node_modules/npm/npmrc Completed in 4ms
6 timing config:load:builtin Completed in 4ms
7 timing config:load:cli Completed in 1ms
8 timing config:load:env Completed in 0ms
9 timing config:load:project Completed in 1ms
10 timing config:load:file:/Users/gamex/src/javascripts/.npmrc Completed in 0ms
11 timing config:load:user Completed in 0ms
12 timing config:load:file:/usr/local/etc/npmrc Completed in 1ms
13 timing config:load:global Completed in 1ms
14 timing config:load:setEnvs Completed in 1ms
15 timing config:load Completed in 10ms
16 timing npm:load:configload Completed in 10ms
17 timing config:load:flatten Completed in 2ms
18 timing npm:load:mkdirpcache Completed in 0ms
19 timing npm:load:mkdirplogs Completed in 0ms
20 verbose title npm exec digest chromaui/learnstorybook-design-system-template learnstorybook-design-system
21 verbose argv "exec" "--" "digest" "chromaui/learnstorybook-design-system-template" "learnstorybook-design-system"
22 timing npm:load:setTitle Completed in 4ms
23 timing npm:load:display Completed in 0ms
24 verbose logfile logs-max:10 dir:/Users/gamex/src/javascripts/.npm/_logs/2023-07-19T17_28_27_741Z-
25 verbose logfile /Users/gamex/src/javascripts/.npm/_logs/2023-07-19T17_28_27_741Z-debug-0.log
26 timing npm:load:logFile Completed in 8ms
27 timing npm:load:timers Completed in 0ms
28 timing npm:load:configScope Completed in 0ms
29 timing npm:load Completed in 37ms
30 timing arborist:ctor Completed in 1ms
31 silly logfile done cleaning log files
32 http fetch GET 200 https://registry.npmjs.org/digest 1450ms (cache revalidated)
33 timing command:exec Completed in 1472ms
34 verbose stack Error: could not determine executable to run
34 verbose stack     at getBinFromManifest (/usr/local/lib/node_modules/npm/node_modules/libnpmexec/lib/get-bin-from-manifest.js:17:23)
34 verbose stack     at exec (/usr/local/lib/node_modules/npm/node_modules/libnpmexec/lib/index.js:188:15)
34 verbose stack     at async module.exports (/usr/local/lib/node_modules/npm/lib/cli-entry.js:61:5)
35 verbose pkgid digest@0.0.5
36 verbose cwd /Users/gamex/src/javascripts
37 verbose Darwin 22.3.0
38 verbose node v20.3.1
39 verbose npm  v9.8.1
40 error could not determine executable to run
41 verbose exit 1
42 timing npm Completed in 1673ms
43 verbose code 1
44 error A complete log of this run can be found in: /Users/gamex/src/javascripts/.npm/_logs/2023-07-19T17_28_27_741Z-debug-0.log
