0 verbose cli /usr/local/Cellar/node/20.3.1_1/bin/node /usr/local/bin/npm
1 info using npm@9.8.0
2 info using node@v20.3.1
3 timing npm:load:whichnode Completed in 3ms
4 timing config:load:defaults Completed in 3ms
5 timing config:load:file:/usr/local/lib/node_modules/npm/npmrc Completed in 4ms
6 timing config:load:builtin Completed in 6ms
7 timing config:load:cli Completed in 3ms
8 timing config:load:env Completed in 0ms
9 timing config:load:project Completed in 2ms
10 timing config:load:file:/Users/gamex/src/javascripts/.npmrc Completed in 0ms
11 timing config:load:user Completed in 0ms
12 timing config:load:file:/usr/local/etc/npmrc Completed in 0ms
13 timing config:load:global Completed in 0ms
14 timing config:load:setEnvs Completed in 1ms
15 timing config:load Completed in 18ms
16 timing npm:load:configload Completed in 18ms
17 timing config:load:flatten Completed in 3ms
18 timing npm:load:mkdirpcache Completed in 2ms
19 timing npm:load:mkdirplogs Completed in 1ms
20 verbose title npm init
21 verbose argv "init"
22 timing npm:load:setTitle Completed in 3ms
23 timing npm:load:display Completed in 1ms
24 verbose logfile logs-max:10 dir:/Users/gamex/src/javascripts/.npm/_logs/2023-07-19T17_23_59_034Z-
25 verbose logfile /Users/gamex/src/javascripts/.npm/_logs/2023-07-19T17_23_59_034Z-debug-0.log
26 timing npm:load:logFile Completed in 11ms
27 timing npm:load:timers Completed in 0ms
28 timing npm:load:configScope Completed in 0ms
29 timing npm:load Completed in 67ms
30 silly logfile done cleaning log files
31 http fetch GET 200 https://registry.npmjs.org/npm 2686ms (cache miss)
32 silly package data {
32 silly package data   name: 'gamexdapp',
32 silly package data   version: '1.0.0',
32 silly package data   description: '',
32 silly package data   main: 'index.js',
32 silly package data   scripts: { test: 'echo "Error: no test specified" && exit 1' },
32 silly package data   repository: { type: 'git', url: 'https://github.com/javascripts' },
32 silly package data   author: 'Gamex Vault DEX',
32 silly package data   license: 'ISC'
32 silly package data }
33 timing command:init Completed in 64539ms
34 notice
34 notice New [32mpatch[39m version of npm available! [31m9.8.0[39m -> [32m9.8.1[39m
34 notice Changelog: [36mhttps://github.com/npm/cli/releases/tag/v9.8.1[39m
34 notice Run [32mnpm install -g npm@9.8.1[39m to update!
34 notice
35 verbose exit 0
36 timing npm Completed in 65007ms
37 info ok
