0 verbose cli /usr/local/Cellar/node/20.3.1_1/bin/node /usr/local/lib/node_modules/npm/bin/npm-cli.js
1 info using npm@9.8.1
2 info using node@v20.3.1
3 timing npm:load:whichnode Completed in 1ms
4 timing config:load:defaults Completed in 1ms
5 timing config:load:file:/usr/local/lib/node_modules/npm/npmrc Completed in 3ms
6 timing config:load:builtin Completed in 4ms
7 timing config:load:cli Completed in 2ms
8 timing config:load:env Completed in 0ms
9 timing config:load:project Completed in 3ms
10 timing config:load:file:/Users/gamex/src/javascripts/.npmrc Completed in 0ms
11 timing config:load:user Completed in 0ms
12 timing config:load:file:/usr/local/etc/npmrc Completed in 0ms
13 timing config:load:global Completed in 0ms
14 timing config:load:setEnvs Completed in 1ms
15 timing config:load Completed in 11ms
16 timing npm:load:configload Completed in 11ms
17 timing config:load:flatten Completed in 2ms
18 timing npm:load:mkdirpcache Completed in 0ms
19 timing npm:load:mkdirplogs Completed in 0ms
20 verbose title npm exec digest chromaui/learnstorybook-design-system-template learnstorybook-design-system
21 verbose argv "exec" "--" "digest" "chromaui/learnstorybook-design-system-template" "learnstorybook-design-system"
22 timing npm:load:setTitle Completed in 4ms
23 timing npm:load:display Completed in 1ms
24 verbose logfile logs-max:10 dir:/Users/gamex/src/javascripts/.npm/_logs/2023-07-19T17_29_16_631Z-
25 verbose logfile /Users/gamex/src/javascripts/.npm/_logs/2023-07-19T17_29_16_631Z-debug-0.log
26 timing npm:load:logFile Completed in 10ms
27 timing npm:load:timers Completed in 1ms
28 timing npm:load:configScope Completed in 0ms
29 timing npm:load Completed in 45ms
30 silly logfile done cleaning log files
31 timing arborist:ctor Completed in 1ms
32 timing arborist:ctor Completed in 0ms
33 http fetch GET 200 https://registry.npmjs.org/digest 928ms (cache revalidated)
34 timing command:exec Completed in 1006ms
35 verbose stack Error: could not determine executable to run
35 verbose stack     at getBinFromManifest (/usr/local/lib/node_modules/npm/node_modules/libnpmexec/lib/get-bin-from-manifest.js:17:23)
35 verbose stack     at exec (/usr/local/lib/node_modules/npm/node_modules/libnpmexec/lib/index.js:188:15)
35 verbose stack     at async module.exports (/usr/local/lib/node_modules/npm/lib/cli-entry.js:61:5)
36 verbose pkgid digest@0.0.5
37 verbose cwd /Users/gamex/src/javascripts
38 verbose Darwin 22.3.0
39 verbose node v20.3.1
40 verbose npm  v9.8.1
41 error could not determine executable to run
42 verbose exit 1
43 timing npm Completed in 1342ms
44 verbose code 1
45 error A complete log of this run can be found in: /Users/gamex/src/javascripts/.npm/_logs/2023-07-19T17_29_16_631Z-debug-0.log
